{"/media/chris/aae6a33f-1fa1-48d1-bd57-c9cdf4e1c49f/KIND/client/actions/user.js": {"path":"/media/chris/aae6a33f-1fa1-48d1-bd57-c9cdf4e1c49f/KIND/client/actions/user.js","statementMap":{"0":{"start":{"line":3,"column":26},"end":{"line":3,"column":38}},"1":{"start":{"line":6,"column":2},"end":{"line":15,"column":3}},"2":{"start":{"line":7,"column":4},"end":{"line":14,"column":8}},"3":{"start":{"line":9,"column":8},"end":{"line":9,"column":53}},"4":{"start":{"line":10,"column":8},"end":{"line":10,"column":19}},"5":{"start":{"line":13,"column":8},"end":{"line":13,"column":24}}},"fnMap":{"0":{"name":"fetchUserProfile","decl":{"start":{"line":5,"column":16},"end":{"line":5,"column":32}},"loc":{"start":{"line":5,"column":41},"end":{"line":16,"column":1}},"line":5},"1":{"name":"(anonymous_1)","decl":{"start":{"line":6,"column":9},"end":{"line":6,"column":10}},"loc":{"start":{"line":6,"column":23},"end":{"line":15,"column":3}},"line":6},"2":{"name":"(anonymous_2)","decl":{"start":{"line":8,"column":12},"end":{"line":8,"column":13}},"loc":{"start":{"line":8,"column":20},"end":{"line":11,"column":7}},"line":8},"3":{"name":"(anonymous_3)","decl":{"start":{"line":12,"column":13},"end":{"line":12,"column":14}},"loc":{"start":{"line":12,"column":20},"end":{"line":14,"column":7}},"line":12}},"branchMap":{},"s":{"0":2,"1":1,"2":1,"3":1,"4":1,"5":0},"f":{"0":1,"1":1,"2":1,"3":0},"b":{},"_coverageSchema":"1a1c01bbd47fc00a2c39e90264f33305004495a9","hash":"ae42edae7026436811e3e84311034f842040057d"}
,"/media/chris/aae6a33f-1fa1-48d1-bd57-c9cdf4e1c49f/KIND/client/apis/api.js": {"path":"/media/chris/aae6a33f-1fa1-48d1-bd57-c9cdf4e1c49f/KIND/client/apis/api.js","statementMap":{"0":{"start":{"line":3,"column":16},"end":{"line":3,"column":25}},"1":{"start":{"line":5,"column":24},"end":{"line":11,"column":1}},"2":{"start":{"line":6,"column":2},"end":{"line":10,"column":6}},"3":{"start":{"line":9,"column":6},"end":{"line":9,"column":32}},"4":{"start":{"line":13,"column":26},"end":{"line":18,"column":1}},"5":{"start":{"line":14,"column":2},"end":{"line":17,"column":6}},"6":{"start":{"line":16,"column":6},"end":{"line":16,"column":29}},"7":{"start":{"line":20,"column":23},"end":{"line":26,"column":1}},"8":{"start":{"line":21,"column":2},"end":{"line":25,"column":6}},"9":{"start":{"line":24,"column":6},"end":{"line":24,"column":31}},"10":{"start":{"line":28,"column":30},"end":{"line":34,"column":1}},"11":{"start":{"line":29,"column":2},"end":{"line":33,"column":6}},"12":{"start":{"line":32,"column":6},"end":{"line":32,"column":31}},"13":{"start":{"line":37,"column":30},"end":{"line":43,"column":1}},"14":{"start":{"line":38,"column":2},"end":{"line":42,"column":6}},"15":{"start":{"line":41,"column":6},"end":{"line":41,"column":38}},"16":{"start":{"line":45,"column":33},"end":{"line":52,"column":1}},"17":{"start":{"line":46,"column":2},"end":{"line":51,"column":6}},"18":{"start":{"line":50,"column":6},"end":{"line":50,"column":17}},"19":{"start":{"line":54,"column":32},"end":{"line":61,"column":1}},"20":{"start":{"line":55,"column":2},"end":{"line":60,"column":6}},"21":{"start":{"line":59,"column":6},"end":{"line":59,"column":17}},"22":{"start":{"line":63,"column":32},"end":{"line":70,"column":1}},"23":{"start":{"line":64,"column":2},"end":{"line":69,"column":6}},"24":{"start":{"line":68,"column":6},"end":{"line":68,"column":17}},"25":{"start":{"line":72,"column":26},"end":{"line":78,"column":1}},"26":{"start":{"line":73,"column":2},"end":{"line":77,"column":6}},"27":{"start":{"line":76,"column":6},"end":{"line":76,"column":17}},"28":{"start":{"line":80,"column":29},"end":{"line":86,"column":1}},"29":{"start":{"line":81,"column":2},"end":{"line":85,"column":6}},"30":{"start":{"line":84,"column":6},"end":{"line":84,"column":37}},"31":{"start":{"line":89,"column":34},"end":{"line":95,"column":1}},"32":{"start":{"line":90,"column":2},"end":{"line":94,"column":6}},"33":{"start":{"line":93,"column":6},"end":{"line":93,"column":34}},"34":{"start":{"line":98,"column":30},"end":{"line":104,"column":1}},"35":{"start":{"line":99,"column":2},"end":{"line":103,"column":6}},"36":{"start":{"line":102,"column":6},"end":{"line":102,"column":32}}},"fnMap":{"0":{"name":"(anonymous_0)","decl":{"start":{"line":5,"column":24},"end":{"line":5,"column":25}},"loc":{"start":{"line":5,"column":30},"end":{"line":11,"column":1}},"line":5},"1":{"name":"(anonymous_1)","decl":{"start":{"line":8,"column":10},"end":{"line":8,"column":11}},"loc":{"start":{"line":8,"column":19},"end":{"line":10,"column":5}},"line":8},"2":{"name":"(anonymous_2)","decl":{"start":{"line":13,"column":26},"end":{"line":13,"column":27}},"loc":{"start":{"line":13,"column":36},"end":{"line":18,"column":1}},"line":13},"3":{"name":"(anonymous_3)","decl":{"start":{"line":15,"column":10},"end":{"line":15,"column":11}},"loc":{"start":{"line":15,"column":17},"end":{"line":17,"column":5}},"line":15},"4":{"name":"(anonymous_4)","decl":{"start":{"line":20,"column":23},"end":{"line":20,"column":24}},"loc":{"start":{"line":20,"column":35},"end":{"line":26,"column":1}},"line":20},"5":{"name":"(anonymous_5)","decl":{"start":{"line":23,"column":10},"end":{"line":23,"column":11}},"loc":{"start":{"line":23,"column":17},"end":{"line":25,"column":5}},"line":23},"6":{"name":"(anonymous_6)","decl":{"start":{"line":28,"column":30},"end":{"line":28,"column":31}},"loc":{"start":{"line":28,"column":45},"end":{"line":34,"column":1}},"line":28},"7":{"name":"(anonymous_7)","decl":{"start":{"line":31,"column":10},"end":{"line":31,"column":11}},"loc":{"start":{"line":31,"column":17},"end":{"line":33,"column":5}},"line":31},"8":{"name":"(anonymous_8)","decl":{"start":{"line":37,"column":30},"end":{"line":37,"column":31}},"loc":{"start":{"line":37,"column":42},"end":{"line":43,"column":1}},"line":37},"9":{"name":"(anonymous_9)","decl":{"start":{"line":40,"column":10},"end":{"line":40,"column":11}},"loc":{"start":{"line":40,"column":19},"end":{"line":42,"column":5}},"line":40},"10":{"name":"(anonymous_10)","decl":{"start":{"line":45,"column":33},"end":{"line":45,"column":34}},"loc":{"start":{"line":45,"column":56},"end":{"line":52,"column":1}},"line":45},"11":{"name":"(anonymous_11)","decl":{"start":{"line":49,"column":10},"end":{"line":49,"column":11}},"loc":{"start":{"line":49,"column":16},"end":{"line":51,"column":5}},"line":49},"12":{"name":"(anonymous_12)","decl":{"start":{"line":54,"column":32},"end":{"line":54,"column":33}},"loc":{"start":{"line":54,"column":66},"end":{"line":61,"column":1}},"line":54},"13":{"name":"(anonymous_13)","decl":{"start":{"line":58,"column":10},"end":{"line":58,"column":11}},"loc":{"start":{"line":58,"column":16},"end":{"line":60,"column":5}},"line":58},"14":{"name":"(anonymous_14)","decl":{"start":{"line":63,"column":32},"end":{"line":63,"column":33}},"loc":{"start":{"line":63,"column":52},"end":{"line":70,"column":1}},"line":63},"15":{"name":"(anonymous_15)","decl":{"start":{"line":67,"column":10},"end":{"line":67,"column":11}},"loc":{"start":{"line":67,"column":16},"end":{"line":69,"column":5}},"line":67},"16":{"name":"(anonymous_16)","decl":{"start":{"line":72,"column":26},"end":{"line":72,"column":27}},"loc":{"start":{"line":72,"column":38},"end":{"line":78,"column":1}},"line":72},"17":{"name":"(anonymous_17)","decl":{"start":{"line":75,"column":10},"end":{"line":75,"column":11}},"loc":{"start":{"line":75,"column":16},"end":{"line":77,"column":5}},"line":75},"18":{"name":"(anonymous_18)","decl":{"start":{"line":80,"column":29},"end":{"line":80,"column":30}},"loc":{"start":{"line":80,"column":35},"end":{"line":86,"column":1}},"line":80},"19":{"name":"(anonymous_19)","decl":{"start":{"line":83,"column":10},"end":{"line":83,"column":11}},"loc":{"start":{"line":83,"column":19},"end":{"line":85,"column":5}},"line":83},"20":{"name":"(anonymous_20)","decl":{"start":{"line":89,"column":34},"end":{"line":89,"column":35}},"loc":{"start":{"line":89,"column":50},"end":{"line":95,"column":1}},"line":89},"21":{"name":"(anonymous_21)","decl":{"start":{"line":92,"column":10},"end":{"line":92,"column":11}},"loc":{"start":{"line":92,"column":19},"end":{"line":94,"column":5}},"line":92},"22":{"name":"(anonymous_22)","decl":{"start":{"line":98,"column":30},"end":{"line":98,"column":31}},"loc":{"start":{"line":98,"column":36},"end":{"line":104,"column":1}},"line":98},"23":{"name":"(anonymous_23)","decl":{"start":{"line":101,"column":10},"end":{"line":101,"column":11}},"loc":{"start":{"line":101,"column":19},"end":{"line":103,"column":5}},"line":101}},"branchMap":{},"s":{"0":3,"1":3,"2":0,"3":0,"4":3,"5":1,"6":1,"7":3,"8":1,"9":1,"10":3,"11":1,"12":1,"13":3,"14":1,"15":1,"16":3,"17":1,"18":1,"19":3,"20":1,"21":1,"22":3,"23":1,"24":1,"25":3,"26":1,"27":1,"28":3,"29":1,"30":1,"31":3,"32":1,"33":1,"34":3,"35":1,"36":1},"f":{"0":0,"1":0,"2":1,"3":1,"4":1,"5":1,"6":1,"7":1,"8":1,"9":1,"10":1,"11":1,"12":1,"13":1,"14":1,"15":1,"16":1,"17":1,"18":1,"19":1,"20":1,"21":1,"22":1,"23":1},"b":{},"_coverageSchema":"1a1c01bbd47fc00a2c39e90264f33305004495a9","hash":"2e36778a7c6cf8cc5c859e288da269b6b5c7944e"}
,"/media/chris/aae6a33f-1fa1-48d1-bd57-c9cdf4e1c49f/KIND/client/reducers/user.js": {"path":"/media/chris/aae6a33f-1fa1-48d1-bd57-c9cdf4e1c49f/KIND/client/reducers/user.js","statementMap":{"0":{"start":{"line":3,"column":20},"end":{"line":10,"column":1}},"1":{"start":{"line":4,"column":2},"end":{"line":9,"column":3}},"2":{"start":{"line":6,"column":6},"end":{"line":6,"column":27}},"3":{"start":{"line":8,"column":6},"end":{"line":8,"column":18}}},"fnMap":{"0":{"name":"(anonymous_0)","decl":{"start":{"line":3,"column":20},"end":{"line":3,"column":21}},"loc":{"start":{"line":3,"column":44},"end":{"line":10,"column":1}},"line":3}},"branchMap":{"0":{"loc":{"start":{"line":3,"column":21},"end":{"line":3,"column":31}},"type":"default-arg","locations":[{"start":{"line":3,"column":29},"end":{"line":3,"column":31}}],"line":3},"1":{"loc":{"start":{"line":4,"column":2},"end":{"line":9,"column":3}},"type":"switch","locations":[{"start":{"line":5,"column":4},"end":{"line":6,"column":27}},{"start":{"line":7,"column":4},"end":{"line":8,"column":18}}],"line":4}},"s":{"0":1,"1":2,"2":1,"3":1},"f":{"0":2},"b":{"0":[1],"1":[1,1]},"_coverageSchema":"1a1c01bbd47fc00a2c39e90264f33305004495a9","hash":"44051c29e435245d2b299aacffc9ba3ea5f58752"}
,"/media/chris/aae6a33f-1fa1-48d1-bd57-c9cdf4e1c49f/KIND/server/server.js": {"path":"/media/chris/aae6a33f-1fa1-48d1-bd57-c9cdf4e1c49f/KIND/server/server.js","statementMap":{"0":{"start":{"line":1,"column":16},"end":{"line":1,"column":34}},"1":{"start":{"line":2,"column":13},"end":{"line":2,"column":28}},"2":{"start":{"line":7,"column":23},"end":{"line":7,"column":53}},"3":{"start":{"line":8,"column":19},"end":{"line":8,"column":44}},"4":{"start":{"line":9,"column":26},"end":{"line":9,"column":57}},"5":{"start":{"line":11,"column":15},"end":{"line":11,"column":24}},"6":{"start":{"line":13,"column":0},"end":{"line":13,"column":26}},"7":{"start":{"line":14,"column":0},"end":{"line":14,"column":58}},"8":{"start":{"line":37,"column":0},"end":{"line":37,"column":48}},"9":{"start":{"line":38,"column":0},"end":{"line":38,"column":39}},"10":{"start":{"line":39,"column":0},"end":{"line":39,"column":52}},"11":{"start":{"line":42,"column":0},"end":{"line":42,"column":116}},"12":{"start":{"line":42,"column":47},"end":{"line":42,"column":113}},"13":{"start":{"line":44,"column":0},"end":{"line":44,"column":23}}},"fnMap":{"0":{"name":"(anonymous_0)","decl":{"start":{"line":42,"column":16},"end":{"line":42,"column":17}},"loc":{"start":{"line":42,"column":45},"end":{"line":42,"column":115}},"line":42}},"branchMap":{},"s":{"0":3,"1":3,"2":3,"3":3,"4":3,"5":3,"6":3,"7":3,"8":3,"9":3,"10":3,"11":3,"12":0,"13":3},"f":{"0":0},"b":{},"_coverageSchema":"1a1c01bbd47fc00a2c39e90264f33305004495a9","hash":"4aae2407ebc0cf757300d2ff37a9846035790a5c"}
,"/media/chris/aae6a33f-1fa1-48d1-bd57-c9cdf4e1c49f/KIND/server/utils.js": {"path":"/media/chris/aae6a33f-1fa1-48d1-bd57-c9cdf4e1c49f/KIND/server/utils.js","statementMap":{"0":{"start":{"line":1,"column":0},"end":{"line":4,"column":1}},"1":{"start":{"line":8,"column":12},"end":{"line":8,"column":171}},"2":{"start":{"line":9,"column":12},"end":{"line":9,"column":149}},"3":{"start":{"line":11,"column":18},"end":{"line":11,"column":54}},"4":{"start":{"line":12,"column":18},"end":{"line":12,"column":54}},"5":{"start":{"line":14,"column":15},"end":{"line":14,"column":38}},"6":{"start":{"line":16,"column":2},"end":{"line":16,"column":13}},"7":{"start":{"line":21,"column":21},"end":{"line":21,"column":39}},"8":{"start":{"line":23,"column":14},"end":{"line":23,"column":76}},"9":{"start":{"line":24,"column":2},"end":{"line":24,"column":12}},"10":{"start":{"line":29,"column":2},"end":{"line":29,"column":40}}},"fnMap":{"0":{"name":"generateUsername","decl":{"start":{"line":7,"column":9},"end":{"line":7,"column":25}},"loc":{"start":{"line":7,"column":29},"end":{"line":17,"column":1}},"line":7},"1":{"name":"getRandomAvatar","decl":{"start":{"line":20,"column":9},"end":{"line":20,"column":24}},"loc":{"start":{"line":20,"column":28},"end":{"line":25,"column":1}},"line":20},"2":{"name":"getRandomInt","decl":{"start":{"line":28,"column":9},"end":{"line":28,"column":21}},"loc":{"start":{"line":28,"column":28},"end":{"line":30,"column":1}},"line":28}},"branchMap":{},"s":{"0":5,"1":2,"2":2,"3":2,"4":2,"5":2,"6":2,"7":2,"8":2,"9":2,"10":2},"f":{"0":2,"1":2,"2":2},"b":{},"_coverageSchema":"1a1c01bbd47fc00a2c39e90264f33305004495a9","hash":"02ff045cf585288908c6fd66d1c2edc126e0cea2"}
,"/media/chris/aae6a33f-1fa1-48d1-bd57-c9cdf4e1c49f/KIND/server/db/connection.js": {"path":"/media/chris/aae6a33f-1fa1-48d1-bd57-c9cdf4e1c49f/KIND/server/db/connection.js","statementMap":{"0":{"start":{"line":1,"column":13},"end":{"line":1,"column":28}},"1":{"start":{"line":2,"column":15},"end":{"line":2,"column":36}},"2":{"start":{"line":3,"column":12},"end":{"line":3,"column":49}},"3":{"start":{"line":4,"column":19},"end":{"line":4,"column":36}},"4":{"start":{"line":6,"column":0},"end":{"line":6,"column":27}}},"fnMap":{},"branchMap":{"0":{"loc":{"start":{"line":3,"column":12},"end":{"line":3,"column":49}},"type":"binary-expr","locations":[{"start":{"line":3,"column":12},"end":{"line":3,"column":32}},{"start":{"line":3,"column":36},"end":{"line":3,"column":49}}],"line":3}},"s":{"0":4,"1":4,"2":4,"3":4,"4":4},"f":{},"b":{"0":[4,0]},"_coverageSchema":"1a1c01bbd47fc00a2c39e90264f33305004495a9","hash":"3ce4bcc1ffe5580518b6e05d11993a7cf7803221"}
,"/media/chris/aae6a33f-1fa1-48d1-bd57-c9cdf4e1c49f/KIND/server/db/db.js": {"path":"/media/chris/aae6a33f-1fa1-48d1-bd57-c9cdf4e1c49f/KIND/server/db/db.js","statementMap":{"0":{"start":{"line":1,"column":46},"end":{"line":1,"column":65}},"1":{"start":{"line":2,"column":19},"end":{"line":2,"column":42}},"2":{"start":{"line":4,"column":0},"end":{"line":18,"column":1}},"3":{"start":{"line":22,"column":19},"end":{"line":22,"column":23}},"4":{"start":{"line":23,"column":20},"end":{"line":23,"column":24}},"5":{"start":{"line":24,"column":25},"end":{"line":24,"column":43}},"6":{"start":{"line":25,"column":20},"end":{"line":25,"column":37}},"7":{"start":{"line":27,"column":2},"end":{"line":28,"column":93}},"8":{"start":{"line":33,"column":2},"end":{"line":34,"column":13}},"9":{"start":{"line":39,"column":2},"end":{"line":41,"column":20}},"10":{"start":{"line":46,"column":2},"end":{"line":48,"column":34}},"11":{"start":{"line":54,"column":2},"end":{"line":56,"column":30}},"12":{"start":{"line":61,"column":2},"end":{"line":63,"column":10}},"13":{"start":{"line":68,"column":2},"end":{"line":69,"column":13}},"14":{"start":{"line":74,"column":2},"end":{"line":75,"column":13}},"15":{"start":{"line":80,"column":2},"end":{"line":82,"column":29}},"16":{"start":{"line":87,"column":2},"end":{"line":90,"column":25}},"17":{"start":{"line":95,"column":23},"end":{"line":97,"column":4}},"18":{"start":{"line":96,"column":4},"end":{"line":96,"column":51}},"19":{"start":{"line":99,"column":2},"end":{"line":100,"column":25}},"20":{"start":{"line":105,"column":2},"end":{"line":109,"column":6}},"21":{"start":{"line":113,"column":2},"end":{"line":113,"column":55}}},"fnMap":{"0":{"name":"addNewUser","decl":{"start":{"line":21,"column":9},"end":{"line":21,"column":19}},"loc":{"start":{"line":21,"column":44},"end":{"line":29,"column":1}},"line":21},"1":{"name":"getAllUsers","decl":{"start":{"line":32,"column":9},"end":{"line":32,"column":20}},"loc":{"start":{"line":32,"column":39},"end":{"line":35,"column":1}},"line":32},"2":{"name":"getUser","decl":{"start":{"line":38,"column":9},"end":{"line":38,"column":16}},"loc":{"start":{"line":38,"column":39},"end":{"line":42,"column":1}},"line":38},"3":{"name":"getUserByEmail","decl":{"start":{"line":45,"column":9},"end":{"line":45,"column":23}},"loc":{"start":{"line":45,"column":49},"end":{"line":49,"column":1}},"line":45},"4":{"name":"getUsersByPoints","decl":{"start":{"line":53,"column":9},"end":{"line":53,"column":25}},"loc":{"start":{"line":53,"column":44},"end":{"line":57,"column":1}},"line":53},"5":{"name":"deleteUser","decl":{"start":{"line":60,"column":9},"end":{"line":60,"column":19}},"loc":{"start":{"line":60,"column":42},"end":{"line":64,"column":1}},"line":60},"6":{"name":"getAllCategories","decl":{"start":{"line":67,"column":9},"end":{"line":67,"column":25}},"loc":{"start":{"line":67,"column":44},"end":{"line":70,"column":1}},"line":67},"7":{"name":"getAllActions","decl":{"start":{"line":73,"column":9},"end":{"line":73,"column":22}},"loc":{"start":{"line":73,"column":41},"end":{"line":76,"column":1}},"line":73},"8":{"name":"getActionsByCategory","decl":{"start":{"line":79,"column":9},"end":{"line":79,"column":29}},"loc":{"start":{"line":79,"column":52},"end":{"line":83,"column":1}},"line":79},"9":{"name":"getUserActionByUser","decl":{"start":{"line":86,"column":9},"end":{"line":86,"column":28}},"loc":{"start":{"line":86,"column":51},"end":{"line":91,"column":1}},"line":86},"10":{"name":"addNewUserActions","decl":{"start":{"line":94,"column":9},"end":{"line":94,"column":26}},"loc":{"start":{"line":94,"column":64},"end":{"line":101,"column":1}},"line":94},"11":{"name":"(anonymous_11)","decl":{"start":{"line":95,"column":37},"end":{"line":95,"column":38}},"loc":{"start":{"line":95,"column":49},"end":{"line":97,"column":3}},"line":95},"12":{"name":"updateUserAction","decl":{"start":{"line":104,"column":9},"end":{"line":104,"column":25}},"loc":{"start":{"line":104,"column":62},"end":{"line":110,"column":1}},"line":104},"13":{"name":"updateUserPoints","decl":{"start":{"line":112,"column":9},"end":{"line":112,"column":25}},"loc":{"start":{"line":112,"column":56},"end":{"line":114,"column":1}},"line":112}},"branchMap":{"0":{"loc":{"start":{"line":21,"column":27},"end":{"line":21,"column":42}},"type":"default-arg","locations":[{"start":{"line":21,"column":32},"end":{"line":21,"column":42}}],"line":21},"1":{"loc":{"start":{"line":32,"column":22},"end":{"line":32,"column":37}},"type":"default-arg","locations":[{"start":{"line":32,"column":27},"end":{"line":32,"column":37}}],"line":32},"2":{"loc":{"start":{"line":38,"column":22},"end":{"line":38,"column":37}},"type":"default-arg","locations":[{"start":{"line":38,"column":27},"end":{"line":38,"column":37}}],"line":38},"3":{"loc":{"start":{"line":45,"column":32},"end":{"line":45,"column":47}},"type":"default-arg","locations":[{"start":{"line":45,"column":37},"end":{"line":45,"column":47}}],"line":45},"4":{"loc":{"start":{"line":53,"column":27},"end":{"line":53,"column":42}},"type":"default-arg","locations":[{"start":{"line":53,"column":32},"end":{"line":53,"column":42}}],"line":53},"5":{"loc":{"start":{"line":60,"column":25},"end":{"line":60,"column":40}},"type":"default-arg","locations":[{"start":{"line":60,"column":30},"end":{"line":60,"column":40}}],"line":60},"6":{"loc":{"start":{"line":67,"column":27},"end":{"line":67,"column":42}},"type":"default-arg","locations":[{"start":{"line":67,"column":32},"end":{"line":67,"column":42}}],"line":67},"7":{"loc":{"start":{"line":73,"column":24},"end":{"line":73,"column":39}},"type":"default-arg","locations":[{"start":{"line":73,"column":29},"end":{"line":73,"column":39}}],"line":73},"8":{"loc":{"start":{"line":79,"column":35},"end":{"line":79,"column":50}},"type":"default-arg","locations":[{"start":{"line":79,"column":40},"end":{"line":79,"column":50}}],"line":79},"9":{"loc":{"start":{"line":86,"column":34},"end":{"line":86,"column":49}},"type":"default-arg","locations":[{"start":{"line":86,"column":39},"end":{"line":86,"column":49}}],"line":86},"10":{"loc":{"start":{"line":94,"column":47},"end":{"line":94,"column":62}},"type":"default-arg","locations":[{"start":{"line":94,"column":52},"end":{"line":94,"column":62}}],"line":94},"11":{"loc":{"start":{"line":104,"column":45},"end":{"line":104,"column":60}},"type":"default-arg","locations":[{"start":{"line":104,"column":50},"end":{"line":104,"column":60}}],"line":104},"12":{"loc":{"start":{"line":112,"column":39},"end":{"line":112,"column":54}},"type":"default-arg","locations":[{"start":{"line":112,"column":44},"end":{"line":112,"column":54}}],"line":112}},"s":{"0":4,"1":4,"2":4,"3":1,"4":1,"5":1,"6":1,"7":1,"8":3,"9":1,"10":1,"11":0,"12":1,"13":1,"14":1,"15":1,"16":1,"17":1,"18":2,"19":1,"20":0,"21":1},"f":{"0":1,"1":3,"2":1,"3":1,"4":0,"5":1,"6":1,"7":1,"8":1,"9":1,"10":1,"11":2,"12":0,"13":1},"b":{"0":[0],"1":[0],"2":[0],"3":[0],"4":[0],"5":[0],"6":[0],"7":[0],"8":[0],"9":[0],"10":[0],"11":[0],"12":[0]},"_coverageSchema":"1a1c01bbd47fc00a2c39e90264f33305004495a9","hash":"330836a6ab92b1c718a5b06af317f157668293cc"}
,"/media/chris/aae6a33f-1fa1-48d1-bd57-c9cdf4e1c49f/KIND/server/db/knexfile.js": {"path":"/media/chris/aae6a33f-1fa1-48d1-bd57-c9cdf4e1c49f/KIND/server/db/knexfile.js","statementMap":{"0":{"start":{"line":1,"column":13},"end":{"line":1,"column":28}},"1":{"start":{"line":3,"column":0},"end":{"line":37,"column":1}}},"fnMap":{},"branchMap":{},"s":{"0":4,"1":4},"f":{},"b":{},"_coverageSchema":"1a1c01bbd47fc00a2c39e90264f33305004495a9","hash":"09c2043f3d3c317776cf4257a3320b26874bf8c2"}
,"/media/chris/aae6a33f-1fa1-48d1-bd57-c9cdf4e1c49f/KIND/server/db/migrations/20210923110646_users.js": {"path":"/media/chris/aae6a33f-1fa1-48d1-bd57-c9cdf4e1c49f/KIND/server/db/migrations/20210923110646_users.js","statementMap":{"0":{"start":{"line":1,"column":0},"end":{"line":10,"column":1}},"1":{"start":{"line":2,"column":2},"end":{"line":9,"column":4}},"2":{"start":{"line":3,"column":4},"end":{"line":3,"column":36}},"3":{"start":{"line":4,"column":4},"end":{"line":4,"column":24}},"4":{"start":{"line":5,"column":4},"end":{"line":5,"column":29}},"5":{"start":{"line":6,"column":4},"end":{"line":6,"column":62}},"6":{"start":{"line":7,"column":4},"end":{"line":7,"column":40}},"7":{"start":{"line":8,"column":4},"end":{"line":8,"column":32}},"8":{"start":{"line":12,"column":0},"end":{"line":14,"column":1}},"9":{"start":{"line":13,"column":2},"end":{"line":13,"column":39}}},"fnMap":{"0":{"name":"(anonymous_0)","decl":{"start":{"line":1,"column":13},"end":{"line":1,"column":14}},"loc":{"start":{"line":1,"column":29},"end":{"line":10,"column":1}},"line":1},"1":{"name":"(anonymous_1)","decl":{"start":{"line":2,"column":42},"end":{"line":2,"column":43}},"loc":{"start":{"line":2,"column":51},"end":{"line":9,"column":3}},"line":2},"2":{"name":"(anonymous_2)","decl":{"start":{"line":12,"column":15},"end":{"line":12,"column":16}},"loc":{"start":{"line":12,"column":31},"end":{"line":14,"column":1}},"line":12}},"branchMap":{},"s":{"0":1,"1":1,"2":1,"3":1,"4":1,"5":1,"6":1,"7":1,"8":1,"9":0},"f":{"0":1,"1":1,"2":0},"b":{},"_coverageSchema":"1a1c01bbd47fc00a2c39e90264f33305004495a9","hash":"c34590a8c56ef6b04ebc5e160ab69430f0742677"}
,"/media/chris/aae6a33f-1fa1-48d1-bd57-c9cdf4e1c49f/KIND/server/db/migrations/20210923110705_action.js": {"path":"/media/chris/aae6a33f-1fa1-48d1-bd57-c9cdf4e1c49f/KIND/server/db/migrations/20210923110705_action.js","statementMap":{"0":{"start":{"line":1,"column":0},"end":{"line":9,"column":1}},"1":{"start":{"line":2,"column":2},"end":{"line":8,"column":4}},"2":{"start":{"line":3,"column":4},"end":{"line":3,"column":26}},"3":{"start":{"line":4,"column":4},"end":{"line":4,"column":32}},"4":{"start":{"line":5,"column":4},"end":{"line":5,"column":25}},"5":{"start":{"line":6,"column":4},"end":{"line":6,"column":31}},"6":{"start":{"line":7,"column":4},"end":{"line":7,"column":27}},"7":{"start":{"line":11,"column":0},"end":{"line":13,"column":1}},"8":{"start":{"line":12,"column":2},"end":{"line":12,"column":40}}},"fnMap":{"0":{"name":"(anonymous_0)","decl":{"start":{"line":1,"column":13},"end":{"line":1,"column":14}},"loc":{"start":{"line":1,"column":29},"end":{"line":9,"column":1}},"line":1},"1":{"name":"(anonymous_1)","decl":{"start":{"line":2,"column":43},"end":{"line":2,"column":44}},"loc":{"start":{"line":2,"column":52},"end":{"line":8,"column":3}},"line":2},"2":{"name":"(anonymous_2)","decl":{"start":{"line":11,"column":15},"end":{"line":11,"column":16}},"loc":{"start":{"line":11,"column":31},"end":{"line":13,"column":1}},"line":11}},"branchMap":{},"s":{"0":1,"1":1,"2":1,"3":1,"4":1,"5":1,"6":1,"7":1,"8":0},"f":{"0":1,"1":1,"2":0},"b":{},"_coverageSchema":"1a1c01bbd47fc00a2c39e90264f33305004495a9","hash":"907ccef9b933443b0ef8ecb377c272c2573ee6ec"}
,"/media/chris/aae6a33f-1fa1-48d1-bd57-c9cdf4e1c49f/KIND/server/db/migrations/20210923110721_category.js": {"path":"/media/chris/aae6a33f-1fa1-48d1-bd57-c9cdf4e1c49f/KIND/server/db/migrations/20210923110721_category.js","statementMap":{"0":{"start":{"line":1,"column":0},"end":{"line":6,"column":1}},"1":{"start":{"line":2,"column":2},"end":{"line":5,"column":4}},"2":{"start":{"line":3,"column":4},"end":{"line":3,"column":26}},"3":{"start":{"line":4,"column":4},"end":{"line":4,"column":25}},"4":{"start":{"line":8,"column":0},"end":{"line":10,"column":1}},"5":{"start":{"line":9,"column":2},"end":{"line":9,"column":42}}},"fnMap":{"0":{"name":"(anonymous_0)","decl":{"start":{"line":1,"column":13},"end":{"line":1,"column":14}},"loc":{"start":{"line":1,"column":29},"end":{"line":6,"column":1}},"line":1},"1":{"name":"(anonymous_1)","decl":{"start":{"line":2,"column":45},"end":{"line":2,"column":46}},"loc":{"start":{"line":2,"column":54},"end":{"line":5,"column":3}},"line":2},"2":{"name":"(anonymous_2)","decl":{"start":{"line":8,"column":15},"end":{"line":8,"column":16}},"loc":{"start":{"line":8,"column":31},"end":{"line":10,"column":1}},"line":8}},"branchMap":{},"s":{"0":1,"1":1,"2":1,"3":1,"4":1,"5":0},"f":{"0":1,"1":1,"2":0},"b":{},"_coverageSchema":"1a1c01bbd47fc00a2c39e90264f33305004495a9","hash":"e8a08ea7bb1105e8449b9f8c7d45dcacce16dfb3"}
,"/media/chris/aae6a33f-1fa1-48d1-bd57-c9cdf4e1c49f/KIND/server/db/migrations/20210923110732_user_action.js": {"path":"/media/chris/aae6a33f-1fa1-48d1-bd57-c9cdf4e1c49f/KIND/server/db/migrations/20210923110732_user_action.js","statementMap":{"0":{"start":{"line":1,"column":0},"end":{"line":10,"column":1}},"1":{"start":{"line":2,"column":2},"end":{"line":9,"column":4}},"2":{"start":{"line":3,"column":4},"end":{"line":3,"column":26}},"3":{"start":{"line":4,"column":4},"end":{"line":4,"column":28}},"4":{"start":{"line":5,"column":4},"end":{"line":5,"column":30}},"5":{"start":{"line":6,"column":4},"end":{"line":6,"column":47}},"6":{"start":{"line":7,"column":4},"end":{"line":7,"column":41}},"7":{"start":{"line":8,"column":4},"end":{"line":8,"column":32}},"8":{"start":{"line":12,"column":0},"end":{"line":14,"column":1}},"9":{"start":{"line":13,"column":2},"end":{"line":13,"column":45}}},"fnMap":{"0":{"name":"(anonymous_0)","decl":{"start":{"line":1,"column":13},"end":{"line":1,"column":14}},"loc":{"start":{"line":1,"column":29},"end":{"line":10,"column":1}},"line":1},"1":{"name":"(anonymous_1)","decl":{"start":{"line":2,"column":48},"end":{"line":2,"column":49}},"loc":{"start":{"line":2,"column":57},"end":{"line":9,"column":3}},"line":2},"2":{"name":"(anonymous_2)","decl":{"start":{"line":12,"column":15},"end":{"line":12,"column":16}},"loc":{"start":{"line":12,"column":31},"end":{"line":14,"column":1}},"line":12}},"branchMap":{},"s":{"0":1,"1":1,"2":1,"3":1,"4":1,"5":1,"6":1,"7":1,"8":1,"9":0},"f":{"0":1,"1":1,"2":0},"b":{},"_coverageSchema":"1a1c01bbd47fc00a2c39e90264f33305004495a9","hash":"4a54a66528d541593ddf48b3c5020b14c5c14226"}
,"/media/chris/aae6a33f-1fa1-48d1-bd57-c9cdf4e1c49f/KIND/server/db/migrations/20210924113905_add-email-column.js": {"path":"/media/chris/aae6a33f-1fa1-48d1-bd57-c9cdf4e1c49f/KIND/server/db/migrations/20210924113905_add-email-column.js","statementMap":{"0":{"start":{"line":1,"column":0},"end":{"line":5,"column":1}},"1":{"start":{"line":2,"column":2},"end":{"line":4,"column":4}},"2":{"start":{"line":3,"column":4},"end":{"line":3,"column":42}},"3":{"start":{"line":7,"column":0},"end":{"line":11,"column":1}},"4":{"start":{"line":8,"column":2},"end":{"line":10,"column":4}},"5":{"start":{"line":9,"column":4},"end":{"line":9,"column":37}}},"fnMap":{"0":{"name":"(anonymous_0)","decl":{"start":{"line":1,"column":13},"end":{"line":1,"column":14}},"loc":{"start":{"line":1,"column":29},"end":{"line":5,"column":1}},"line":1},"1":{"name":"(anonymous_1)","decl":{"start":{"line":2,"column":36},"end":{"line":2,"column":37}},"loc":{"start":{"line":2,"column":45},"end":{"line":4,"column":3}},"line":2},"2":{"name":"(anonymous_2)","decl":{"start":{"line":7,"column":15},"end":{"line":7,"column":16}},"loc":{"start":{"line":7,"column":31},"end":{"line":11,"column":1}},"line":7},"3":{"name":"(anonymous_3)","decl":{"start":{"line":8,"column":36},"end":{"line":8,"column":37}},"loc":{"start":{"line":8,"column":45},"end":{"line":10,"column":3}},"line":8}},"branchMap":{},"s":{"0":1,"1":1,"2":1,"3":1,"4":0,"5":0},"f":{"0":1,"1":1,"2":0,"3":0},"b":{},"_coverageSchema":"1a1c01bbd47fc00a2c39e90264f33305004495a9","hash":"f0f5760ddd21912f1cc9b0e75184788055884808"}
,"/media/chris/aae6a33f-1fa1-48d1-bd57-c9cdf4e1c49f/KIND/server/db/migrations/20210928152711_add-category-info-columns.js": {"path":"/media/chris/aae6a33f-1fa1-48d1-bd57-c9cdf4e1c49f/KIND/server/db/migrations/20210928152711_add-category-info-columns.js","statementMap":{"0":{"start":{"line":1,"column":0},"end":{"line":6,"column":1}},"1":{"start":{"line":2,"column":2},"end":{"line":5,"column":4}},"2":{"start":{"line":3,"column":4},"end":{"line":3,"column":31}},"3":{"start":{"line":4,"column":4},"end":{"line":4,"column":24}},"4":{"start":{"line":8,"column":0},"end":{"line":13,"column":1}},"5":{"start":{"line":9,"column":2},"end":{"line":12,"column":4}},"6":{"start":{"line":10,"column":4},"end":{"line":10,"column":35}},"7":{"start":{"line":11,"column":4},"end":{"line":11,"column":24}}},"fnMap":{"0":{"name":"(anonymous_0)","decl":{"start":{"line":1,"column":13},"end":{"line":1,"column":14}},"loc":{"start":{"line":1,"column":29},"end":{"line":6,"column":1}},"line":1},"1":{"name":"(anonymous_1)","decl":{"start":{"line":2,"column":39},"end":{"line":2,"column":40}},"loc":{"start":{"line":2,"column":48},"end":{"line":5,"column":3}},"line":2},"2":{"name":"(anonymous_2)","decl":{"start":{"line":8,"column":15},"end":{"line":8,"column":16}},"loc":{"start":{"line":8,"column":31},"end":{"line":13,"column":1}},"line":8},"3":{"name":"(anonymous_3)","decl":{"start":{"line":9,"column":39},"end":{"line":9,"column":40}},"loc":{"start":{"line":9,"column":48},"end":{"line":12,"column":3}},"line":9}},"branchMap":{},"s":{"0":1,"1":1,"2":1,"3":1,"4":1,"5":0,"6":0,"7":0},"f":{"0":1,"1":1,"2":0,"3":0},"b":{},"_coverageSchema":"1a1c01bbd47fc00a2c39e90264f33305004495a9","hash":"faf48835109e6e85af40e9186f6cfdb86597eee2"}
,"/media/chris/aae6a33f-1fa1-48d1-bd57-c9cdf4e1c49f/KIND/server/db/seeds/action.js": {"path":"/media/chris/aae6a33f-1fa1-48d1-bd57-c9cdf4e1c49f/KIND/server/db/seeds/action.js","statementMap":{"0":{"start":{"line":1,"column":0},"end":{"line":46,"column":1}},"1":{"start":{"line":3,"column":2},"end":{"line":45,"column":6}},"2":{"start":{"line":6,"column":6},"end":{"line":44,"column":8}}},"fnMap":{"0":{"name":"(anonymous_0)","decl":{"start":{"line":1,"column":15},"end":{"line":1,"column":16}},"loc":{"start":{"line":1,"column":31},"end":{"line":46,"column":1}},"line":1},"1":{"name":"(anonymous_1)","decl":{"start":{"line":4,"column":10},"end":{"line":4,"column":11}},"loc":{"start":{"line":4,"column":22},"end":{"line":45,"column":5}},"line":4}},"branchMap":{},"s":{"0":1,"1":11,"2":11},"f":{"0":11,"1":11},"b":{},"_coverageSchema":"1a1c01bbd47fc00a2c39e90264f33305004495a9","hash":"1ace5fea8897e5cfda5953d64fac2d33332a6720"}
,"/media/chris/aae6a33f-1fa1-48d1-bd57-c9cdf4e1c49f/KIND/server/db/seeds/category.js": {"path":"/media/chris/aae6a33f-1fa1-48d1-bd57-c9cdf4e1c49f/KIND/server/db/seeds/category.js","statementMap":{"0":{"start":{"line":1,"column":0},"end":{"line":14,"column":1}},"1":{"start":{"line":3,"column":2},"end":{"line":13,"column":6}},"2":{"start":{"line":6,"column":6},"end":{"line":12,"column":8}}},"fnMap":{"0":{"name":"(anonymous_0)","decl":{"start":{"line":1,"column":15},"end":{"line":1,"column":16}},"loc":{"start":{"line":1,"column":31},"end":{"line":14,"column":1}},"line":1},"1":{"name":"(anonymous_1)","decl":{"start":{"line":4,"column":10},"end":{"line":4,"column":11}},"loc":{"start":{"line":4,"column":22},"end":{"line":13,"column":5}},"line":4}},"branchMap":{},"s":{"0":1,"1":11,"2":11},"f":{"0":11,"1":11},"b":{},"_coverageSchema":"1a1c01bbd47fc00a2c39e90264f33305004495a9","hash":"e4f80552c598591cfb5b216976e91c1f4d1b8766"}
,"/media/chris/aae6a33f-1fa1-48d1-bd57-c9cdf4e1c49f/KIND/server/db/seeds/user.js": {"path":"/media/chris/aae6a33f-1fa1-48d1-bd57-c9cdf4e1c49f/KIND/server/db/seeds/user.js","statementMap":{"0":{"start":{"line":1,"column":0},"end":{"line":14,"column":1}},"1":{"start":{"line":3,"column":2},"end":{"line":13,"column":6}},"2":{"start":{"line":6,"column":6},"end":{"line":12,"column":8}}},"fnMap":{"0":{"name":"(anonymous_0)","decl":{"start":{"line":1,"column":15},"end":{"line":1,"column":16}},"loc":{"start":{"line":1,"column":31},"end":{"line":14,"column":1}},"line":1},"1":{"name":"(anonymous_1)","decl":{"start":{"line":4,"column":10},"end":{"line":4,"column":11}},"loc":{"start":{"line":4,"column":22},"end":{"line":13,"column":5}},"line":4}},"branchMap":{},"s":{"0":1,"1":11,"2":11},"f":{"0":11,"1":11},"b":{},"_coverageSchema":"1a1c01bbd47fc00a2c39e90264f33305004495a9","hash":"af8d405e88776d38c7045e6718b292b83fb5a8a2"}
,"/media/chris/aae6a33f-1fa1-48d1-bd57-c9cdf4e1c49f/KIND/server/db/seeds/user_action.js": {"path":"/media/chris/aae6a33f-1fa1-48d1-bd57-c9cdf4e1c49f/KIND/server/db/seeds/user_action.js","statementMap":{"0":{"start":{"line":1,"column":0},"end":{"line":17,"column":1}},"1":{"start":{"line":3,"column":2},"end":{"line":16,"column":6}},"2":{"start":{"line":6,"column":6},"end":{"line":15,"column":8}}},"fnMap":{"0":{"name":"(anonymous_0)","decl":{"start":{"line":1,"column":15},"end":{"line":1,"column":16}},"loc":{"start":{"line":1,"column":31},"end":{"line":17,"column":1}},"line":1},"1":{"name":"(anonymous_1)","decl":{"start":{"line":4,"column":10},"end":{"line":4,"column":11}},"loc":{"start":{"line":4,"column":22},"end":{"line":16,"column":5}},"line":4}},"branchMap":{},"s":{"0":1,"1":11,"2":11},"f":{"0":11,"1":11},"b":{},"_coverageSchema":"1a1c01bbd47fc00a2c39e90264f33305004495a9","hash":"f64cc8ad8738752b166959773204ab95fc113b15"}
,"/media/chris/aae6a33f-1fa1-48d1-bd57-c9cdf4e1c49f/KIND/server/routes/categories.js": {"path":"/media/chris/aae6a33f-1fa1-48d1-bd57-c9cdf4e1c49f/KIND/server/routes/categories.js","statementMap":{"0":{"start":{"line":1,"column":16},"end":{"line":1,"column":34}},"1":{"start":{"line":2,"column":15},"end":{"line":2,"column":31}},"2":{"start":{"line":3,"column":11},"end":{"line":3,"column":30}},"3":{"start":{"line":5,"column":0},"end":{"line":14,"column":2}},"4":{"start":{"line":6,"column":2},"end":{"line":13,"column":6}},"5":{"start":{"line":8,"column":6},"end":{"line":8,"column":52}},"6":{"start":{"line":9,"column":6},"end":{"line":9,"column":17}},"7":{"start":{"line":12,"column":6},"end":{"line":12,"column":63}},"8":{"start":{"line":16,"column":0},"end":{"line":30,"column":2}},"9":{"start":{"line":17,"column":17},"end":{"line":17,"column":27}},"10":{"start":{"line":19,"column":2},"end":{"line":19,"column":101}},"11":{"start":{"line":19,"column":19},"end":{"line":19,"column":101}},"12":{"start":{"line":21,"column":2},"end":{"line":29,"column":6}},"13":{"start":{"line":23,"column":6},"end":{"line":23,"column":113}},"14":{"start":{"line":23,"column":27},"end":{"line":23,"column":113}},"15":{"start":{"line":24,"column":6},"end":{"line":24,"column":49}},"16":{"start":{"line":25,"column":6},"end":{"line":25,"column":17}},"17":{"start":{"line":28,"column":6},"end":{"line":28,"column":63}},"18":{"start":{"line":32,"column":0},"end":{"line":32,"column":23}}},"fnMap":{"0":{"name":"(anonymous_0)","decl":{"start":{"line":5,"column":16},"end":{"line":5,"column":17}},"loc":{"start":{"line":5,"column":30},"end":{"line":14,"column":1}},"line":5},"1":{"name":"(anonymous_1)","decl":{"start":{"line":7,"column":10},"end":{"line":7,"column":11}},"loc":{"start":{"line":7,"column":26},"end":{"line":10,"column":5}},"line":7},"2":{"name":"(anonymous_2)","decl":{"start":{"line":11,"column":11},"end":{"line":11,"column":12}},"loc":{"start":{"line":11,"column":17},"end":{"line":13,"column":5}},"line":11},"3":{"name":"(anonymous_3)","decl":{"start":{"line":16,"column":27},"end":{"line":16,"column":28}},"loc":{"start":{"line":16,"column":41},"end":{"line":30,"column":1}},"line":16},"4":{"name":"(anonymous_4)","decl":{"start":{"line":22,"column":10},"end":{"line":22,"column":11}},"loc":{"start":{"line":22,"column":23},"end":{"line":26,"column":5}},"line":22},"5":{"name":"(anonymous_5)","decl":{"start":{"line":27,"column":11},"end":{"line":27,"column":12}},"loc":{"start":{"line":27,"column":17},"end":{"line":29,"column":5}},"line":27}},"branchMap":{"0":{"loc":{"start":{"line":19,"column":2},"end":{"line":19,"column":101}},"type":"if","locations":[{"start":{"line":19,"column":2},"end":{"line":19,"column":101}},{"start":{"line":19,"column":2},"end":{"line":19,"column":101}}],"line":19},"1":{"loc":{"start":{"line":23,"column":6},"end":{"line":23,"column":113}},"type":"if","locations":[{"start":{"line":23,"column":6},"end":{"line":23,"column":113}},{"start":{"line":23,"column":6},"end":{"line":23,"column":113}}],"line":23}},"s":{"0":3,"1":3,"2":3,"3":3,"4":2,"5":1,"6":1,"7":1,"8":3,"9":4,"10":4,"11":1,"12":3,"13":2,"14":1,"15":1,"16":1,"17":1,"18":3},"f":{"0":2,"1":1,"2":1,"3":4,"4":2,"5":1},"b":{"0":[1,3],"1":[1,1]},"_coverageSchema":"1a1c01bbd47fc00a2c39e90264f33305004495a9","hash":"a25851d22e10b23cf3a9d47742bdfda4f1e5802b"}
,"/media/chris/aae6a33f-1fa1-48d1-bd57-c9cdf4e1c49f/KIND/server/routes/leaderboard.js": {"path":"/media/chris/aae6a33f-1fa1-48d1-bd57-c9cdf4e1c49f/KIND/server/routes/leaderboard.js","statementMap":{"0":{"start":{"line":1,"column":16},"end":{"line":1,"column":34}},"1":{"start":{"line":2,"column":15},"end":{"line":2,"column":31}},"2":{"start":{"line":3,"column":11},"end":{"line":3,"column":30}},"3":{"start":{"line":5,"column":0},"end":{"line":14,"column":2}},"4":{"start":{"line":6,"column":2},"end":{"line":13,"column":6}},"5":{"start":{"line":8,"column":6},"end":{"line":8,"column":66}},"6":{"start":{"line":9,"column":6},"end":{"line":9,"column":17}},"7":{"start":{"line":12,"column":6},"end":{"line":12,"column":80}},"8":{"start":{"line":16,"column":0},"end":{"line":16,"column":23}}},"fnMap":{"0":{"name":"(anonymous_0)","decl":{"start":{"line":5,"column":16},"end":{"line":5,"column":17}},"loc":{"start":{"line":5,"column":30},"end":{"line":14,"column":1}},"line":5},"1":{"name":"(anonymous_1)","decl":{"start":{"line":7,"column":10},"end":{"line":7,"column":11}},"loc":{"start":{"line":7,"column":21},"end":{"line":10,"column":5}},"line":7},"2":{"name":"(anonymous_2)","decl":{"start":{"line":11,"column":11},"end":{"line":11,"column":12}},"loc":{"start":{"line":11,"column":17},"end":{"line":13,"column":5}},"line":11}},"branchMap":{},"s":{"0":3,"1":3,"2":3,"3":3,"4":2,"5":1,"6":1,"7":1,"8":3},"f":{"0":2,"1":1,"2":1},"b":{},"_coverageSchema":"1a1c01bbd47fc00a2c39e90264f33305004495a9","hash":"1ebc7eb68ccc5e0d6ddf8ab11af8b1fcf2fec155"}
,"/media/chris/aae6a33f-1fa1-48d1-bd57-c9cdf4e1c49f/KIND/server/routes/users.js": {"path":"/media/chris/aae6a33f-1fa1-48d1-bd57-c9cdf4e1c49f/KIND/server/routes/users.js","statementMap":{"0":{"start":{"line":1,"column":16},"end":{"line":1,"column":34}},"1":{"start":{"line":2,"column":15},"end":{"line":2,"column":31}},"2":{"start":{"line":3,"column":11},"end":{"line":3,"column":30}},"3":{"start":{"line":5,"column":0},"end":{"line":14,"column":2}},"4":{"start":{"line":6,"column":2},"end":{"line":13,"column":6}},"5":{"start":{"line":8,"column":6},"end":{"line":8,"column":47}},"6":{"start":{"line":9,"column":6},"end":{"line":9,"column":17}},"7":{"start":{"line":12,"column":6},"end":{"line":12,"column":63}},"8":{"start":{"line":16,"column":0},"end":{"line":27,"column":2}},"9":{"start":{"line":17,"column":17},"end":{"line":17,"column":27}},"10":{"start":{"line":19,"column":2},"end":{"line":26,"column":6}},"11":{"start":{"line":21,"column":6},"end":{"line":21,"column":105}},"12":{"start":{"line":21,"column":17},"end":{"line":21,"column":105}},"13":{"start":{"line":22,"column":6},"end":{"line":22,"column":59}},"14":{"start":{"line":25,"column":6},"end":{"line":25,"column":63}},"15":{"start":{"line":29,"column":0},"end":{"line":40,"column":2}},"16":{"start":{"line":30,"column":20},"end":{"line":30,"column":30}},"17":{"start":{"line":32,"column":2},"end":{"line":39,"column":6}},"18":{"start":{"line":34,"column":6},"end":{"line":34,"column":102}},"19":{"start":{"line":34,"column":17},"end":{"line":34,"column":102}},"20":{"start":{"line":35,"column":6},"end":{"line":35,"column":59}},"21":{"start":{"line":38,"column":6},"end":{"line":38,"column":63}},"22":{"start":{"line":42,"column":0},"end":{"line":52,"column":2}},"23":{"start":{"line":43,"column":36},"end":{"line":43,"column":44}},"24":{"start":{"line":44,"column":2},"end":{"line":51,"column":6}},"25":{"start":{"line":46,"column":6},"end":{"line":46,"column":52}},"26":{"start":{"line":47,"column":6},"end":{"line":47,"column":17}},"27":{"start":{"line":50,"column":6},"end":{"line":50,"column":63}},"28":{"start":{"line":54,"column":0},"end":{"line":65,"column":2}},"29":{"start":{"line":55,"column":17},"end":{"line":55,"column":27}},"30":{"start":{"line":57,"column":2},"end":{"line":64,"column":6}},"31":{"start":{"line":59,"column":6},"end":{"line":59,"column":25}},"32":{"start":{"line":60,"column":6},"end":{"line":60,"column":17}},"33":{"start":{"line":63,"column":6},"end":{"line":63,"column":63}},"34":{"start":{"line":67,"column":0},"end":{"line":79,"column":2}},"35":{"start":{"line":68,"column":17},"end":{"line":68,"column":27}},"36":{"start":{"line":70,"column":2},"end":{"line":78,"column":3}},"37":{"start":{"line":71,"column":17},"end":{"line":71,"column":45}},"38":{"start":{"line":72,"column":4},"end":{"line":72,"column":84}},"39":{"start":{"line":72,"column":15},"end":{"line":72,"column":84}},"40":{"start":{"line":74,"column":24},"end":{"line":74,"column":64}},"41":{"start":{"line":75,"column":4},"end":{"line":75,"column":51}},"42":{"start":{"line":77,"column":4},"end":{"line":77,"column":61}},"43":{"start":{"line":81,"column":0},"end":{"line":93,"column":2}},"44":{"start":{"line":82,"column":17},"end":{"line":82,"column":27}},"45":{"start":{"line":83,"column":24},"end":{"line":83,"column":32}},"46":{"start":{"line":85,"column":2},"end":{"line":92,"column":6}},"47":{"start":{"line":87,"column":6},"end":{"line":87,"column":25}},"48":{"start":{"line":88,"column":6},"end":{"line":88,"column":17}},"49":{"start":{"line":91,"column":6},"end":{"line":91,"column":63}},"50":{"start":{"line":95,"column":0},"end":{"line":107,"column":2}},"51":{"start":{"line":96,"column":17},"end":{"line":96,"column":27}},"52":{"start":{"line":97,"column":35},"end":{"line":97,"column":43}},"53":{"start":{"line":98,"column":2},"end":{"line":106,"column":3}},"54":{"start":{"line":99,"column":17},"end":{"line":99,"column":45}},"55":{"start":{"line":100,"column":4},"end":{"line":100,"column":103}},"56":{"start":{"line":100,"column":15},"end":{"line":100,"column":103}},"57":{"start":{"line":102,"column":4},"end":{"line":102,"column":51}},"58":{"start":{"line":103,"column":4},"end":{"line":103,"column":23}},"59":{"start":{"line":105,"column":4},"end":{"line":105,"column":61}},"60":{"start":{"line":109,"column":0},"end":{"line":121,"column":2}},"61":{"start":{"line":110,"column":17},"end":{"line":110,"column":27}},"62":{"start":{"line":111,"column":21},"end":{"line":111,"column":29}},"63":{"start":{"line":112,"column":2},"end":{"line":120,"column":3}},"64":{"start":{"line":113,"column":17},"end":{"line":113,"column":45}},"65":{"start":{"line":114,"column":4},"end":{"line":114,"column":103}},"66":{"start":{"line":114,"column":15},"end":{"line":114,"column":103}},"67":{"start":{"line":116,"column":4},"end":{"line":116,"column":49}},"68":{"start":{"line":117,"column":4},"end":{"line":117,"column":23}},"69":{"start":{"line":119,"column":4},"end":{"line":119,"column":61}},"70":{"start":{"line":123,"column":0},"end":{"line":123,"column":23}}},"fnMap":{"0":{"name":"(anonymous_0)","decl":{"start":{"line":5,"column":16},"end":{"line":5,"column":17}},"loc":{"start":{"line":5,"column":30},"end":{"line":14,"column":1}},"line":5},"1":{"name":"(anonymous_1)","decl":{"start":{"line":7,"column":10},"end":{"line":7,"column":11}},"loc":{"start":{"line":7,"column":21},"end":{"line":10,"column":5}},"line":7},"2":{"name":"(anonymous_2)","decl":{"start":{"line":11,"column":11},"end":{"line":11,"column":12}},"loc":{"start":{"line":11,"column":17},"end":{"line":13,"column":5}},"line":11},"3":{"name":"(anonymous_3)","decl":{"start":{"line":16,"column":19},"end":{"line":16,"column":20}},"loc":{"start":{"line":16,"column":33},"end":{"line":27,"column":1}},"line":16},"4":{"name":"(anonymous_4)","decl":{"start":{"line":20,"column":10},"end":{"line":20,"column":11}},"loc":{"start":{"line":20,"column":20},"end":{"line":23,"column":5}},"line":20},"5":{"name":"(anonymous_5)","decl":{"start":{"line":24,"column":11},"end":{"line":24,"column":12}},"loc":{"start":{"line":24,"column":17},"end":{"line":26,"column":5}},"line":24},"6":{"name":"(anonymous_6)","decl":{"start":{"line":29,"column":28},"end":{"line":29,"column":29}},"loc":{"start":{"line":29,"column":42},"end":{"line":40,"column":1}},"line":29},"7":{"name":"(anonymous_7)","decl":{"start":{"line":33,"column":10},"end":{"line":33,"column":11}},"loc":{"start":{"line":33,"column":20},"end":{"line":36,"column":5}},"line":33},"8":{"name":"(anonymous_8)","decl":{"start":{"line":37,"column":11},"end":{"line":37,"column":12}},"loc":{"start":{"line":37,"column":17},"end":{"line":39,"column":5}},"line":37},"9":{"name":"(anonymous_9)","decl":{"start":{"line":42,"column":17},"end":{"line":42,"column":18}},"loc":{"start":{"line":42,"column":31},"end":{"line":52,"column":1}},"line":42},"10":{"name":"(anonymous_10)","decl":{"start":{"line":45,"column":10},"end":{"line":45,"column":11}},"loc":{"start":{"line":45,"column":19},"end":{"line":48,"column":5}},"line":45},"11":{"name":"(anonymous_11)","decl":{"start":{"line":49,"column":11},"end":{"line":49,"column":12}},"loc":{"start":{"line":49,"column":17},"end":{"line":51,"column":5}},"line":49},"12":{"name":"(anonymous_12)","decl":{"start":{"line":54,"column":22},"end":{"line":54,"column":23}},"loc":{"start":{"line":54,"column":36},"end":{"line":65,"column":1}},"line":54},"13":{"name":"(anonymous_13)","decl":{"start":{"line":58,"column":10},"end":{"line":58,"column":11}},"loc":{"start":{"line":58,"column":16},"end":{"line":61,"column":5}},"line":58},"14":{"name":"(anonymous_14)","decl":{"start":{"line":62,"column":11},"end":{"line":62,"column":12}},"loc":{"start":{"line":62,"column":17},"end":{"line":64,"column":5}},"line":62},"15":{"name":"(anonymous_15)","decl":{"start":{"line":67,"column":27},"end":{"line":67,"column":28}},"loc":{"start":{"line":67,"column":47},"end":{"line":79,"column":1}},"line":67},"16":{"name":"(anonymous_16)","decl":{"start":{"line":81,"column":28},"end":{"line":81,"column":29}},"loc":{"start":{"line":81,"column":42},"end":{"line":93,"column":1}},"line":81},"17":{"name":"(anonymous_17)","decl":{"start":{"line":86,"column":10},"end":{"line":86,"column":11}},"loc":{"start":{"line":86,"column":16},"end":{"line":89,"column":5}},"line":86},"18":{"name":"(anonymous_18)","decl":{"start":{"line":90,"column":11},"end":{"line":90,"column":12}},"loc":{"start":{"line":90,"column":17},"end":{"line":92,"column":5}},"line":90},"19":{"name":"(anonymous_19)","decl":{"start":{"line":95,"column":29},"end":{"line":95,"column":30}},"loc":{"start":{"line":95,"column":49},"end":{"line":107,"column":1}},"line":95},"20":{"name":"(anonymous_20)","decl":{"start":{"line":109,"column":28},"end":{"line":109,"column":29}},"loc":{"start":{"line":109,"column":48},"end":{"line":121,"column":1}},"line":109}},"branchMap":{"0":{"loc":{"start":{"line":21,"column":6},"end":{"line":21,"column":105}},"type":"if","locations":[{"start":{"line":21,"column":6},"end":{"line":21,"column":105}},{"start":{"line":21,"column":6},"end":{"line":21,"column":105}}],"line":21},"1":{"loc":{"start":{"line":34,"column":6},"end":{"line":34,"column":102}},"type":"if","locations":[{"start":{"line":34,"column":6},"end":{"line":34,"column":102}},{"start":{"line":34,"column":6},"end":{"line":34,"column":102}}],"line":34},"2":{"loc":{"start":{"line":72,"column":4},"end":{"line":72,"column":84}},"type":"if","locations":[{"start":{"line":72,"column":4},"end":{"line":72,"column":84}},{"start":{"line":72,"column":4},"end":{"line":72,"column":84}}],"line":72},"3":{"loc":{"start":{"line":100,"column":4},"end":{"line":100,"column":103}},"type":"if","locations":[{"start":{"line":100,"column":4},"end":{"line":100,"column":103}},{"start":{"line":100,"column":4},"end":{"line":100,"column":103}}],"line":100},"4":{"loc":{"start":{"line":114,"column":4},"end":{"line":114,"column":103}},"type":"if","locations":[{"start":{"line":114,"column":4},"end":{"line":114,"column":103}},{"start":{"line":114,"column":4},"end":{"line":114,"column":103}}],"line":114}},"s":{"0":3,"1":3,"2":3,"3":3,"4":2,"5":1,"6":1,"7":1,"8":3,"9":3,"10":3,"11":2,"12":1,"13":1,"14":1,"15":3,"16":3,"17":3,"18":2,"19":1,"20":1,"21":1,"22":3,"23":2,"24":2,"25":1,"26":1,"27":1,"28":3,"29":2,"30":2,"31":1,"32":1,"33":1,"34":3,"35":3,"36":3,"37":3,"38":3,"39":1,"40":2,"41":1,"42":1,"43":3,"44":2,"45":2,"46":2,"47":1,"48":1,"49":1,"50":3,"51":3,"52":3,"53":3,"54":3,"55":3,"56":1,"57":2,"58":1,"59":1,"60":3,"61":3,"62":3,"63":3,"64":3,"65":3,"66":1,"67":2,"68":1,"69":1,"70":3},"f":{"0":2,"1":1,"2":1,"3":3,"4":2,"5":1,"6":3,"7":2,"8":1,"9":2,"10":1,"11":1,"12":2,"13":1,"14":1,"15":3,"16":2,"17":1,"18":1,"19":3,"20":3},"b":{"0":[1,1],"1":[1,1],"2":[1,2],"3":[1,2],"4":[1,2]},"_coverageSchema":"1a1c01bbd47fc00a2c39e90264f33305004495a9","hash":"791eeda9d62b86cd764079364adc3efcfa25503a"}
}
