TN:
SF:client/actions/user.js
FN:5,fetchUserProfile
FN:6,(anonymous_1)
FN:8,(anonymous_2)
FN:12,(anonymous_3)
FNF:4
FNH:3
FNDA:1,fetchUserProfile
FNDA:1,(anonymous_1)
FNDA:1,(anonymous_2)
FNDA:0,(anonymous_3)
DA:3,2
DA:6,1
DA:7,1
DA:9,1
DA:10,1
DA:13,0
LF:6
LH:5
BRF:0
BRH:0
end_of_record
TN:
SF:client/apis/api.js
FN:5,(anonymous_0)
FN:8,(anonymous_1)
FN:13,(anonymous_2)
FN:15,(anonymous_3)
FN:20,(anonymous_4)
FN:23,(anonymous_5)
FN:28,(anonymous_6)
FN:31,(anonymous_7)
FN:37,(anonymous_8)
FN:40,(anonymous_9)
FN:45,(anonymous_10)
FN:49,(anonymous_11)
FN:54,(anonymous_12)
FN:58,(anonymous_13)
FN:63,(anonymous_14)
FN:67,(anonymous_15)
FN:72,(anonymous_16)
FN:75,(anonymous_17)
FN:80,(anonymous_18)
FN:83,(anonymous_19)
FN:89,(anonymous_20)
FN:92,(anonymous_21)
FN:98,(anonymous_22)
FN:101,(anonymous_23)
FNF:24
FNH:22
FNDA:0,(anonymous_0)
FNDA:0,(anonymous_1)
FNDA:1,(anonymous_2)
FNDA:1,(anonymous_3)
FNDA:1,(anonymous_4)
FNDA:1,(anonymous_5)
FNDA:1,(anonymous_6)
FNDA:1,(anonymous_7)
FNDA:1,(anonymous_8)
FNDA:1,(anonymous_9)
FNDA:1,(anonymous_10)
FNDA:1,(anonymous_11)
FNDA:1,(anonymous_12)
FNDA:1,(anonymous_13)
FNDA:1,(anonymous_14)
FNDA:1,(anonymous_15)
FNDA:1,(anonymous_16)
FNDA:1,(anonymous_17)
FNDA:1,(anonymous_18)
FNDA:1,(anonymous_19)
FNDA:1,(anonymous_20)
FNDA:1,(anonymous_21)
FNDA:1,(anonymous_22)
FNDA:1,(anonymous_23)
DA:3,3
DA:5,3
DA:6,0
DA:9,0
DA:13,3
DA:14,1
DA:16,1
DA:20,3
DA:21,1
DA:24,1
DA:28,3
DA:29,1
DA:32,1
DA:37,3
DA:38,1
DA:41,1
DA:45,3
DA:46,1
DA:50,1
DA:54,3
DA:55,1
DA:59,1
DA:63,3
DA:64,1
DA:68,1
DA:72,3
DA:73,1
DA:76,1
DA:80,3
DA:81,1
DA:84,1
DA:89,3
DA:90,1
DA:93,1
DA:98,3
DA:99,1
DA:102,1
LF:37
LH:35
BRF:0
BRH:0
end_of_record
TN:
SF:client/reducers/user.js
FN:3,(anonymous_0)
FNF:1
FNH:1
FNDA:2,(anonymous_0)
DA:3,1
DA:4,2
DA:6,1
DA:8,1
LF:4
LH:4
BRDA:3,0,0,1
BRDA:4,1,0,1
BRDA:4,1,1,1
BRF:3
BRH:3
end_of_record
TN:
SF:server/server.js
FN:42,(anonymous_0)
FNF:1
FNH:0
FNDA:0,(anonymous_0)
DA:1,3
DA:2,3
DA:7,3
DA:8,3
DA:9,3
DA:11,3
DA:13,3
DA:14,3
DA:37,3
DA:38,3
DA:39,3
DA:42,3
DA:44,3
LF:13
LH:13
BRF:0
BRH:0
end_of_record
TN:
SF:server/utils.js
FN:7,generateUsername
FN:20,getRandomAvatar
FN:28,getRandomInt
FNF:3
FNH:3
FNDA:2,generateUsername
FNDA:2,getRandomAvatar
FNDA:2,getRandomInt
DA:1,5
DA:8,2
DA:9,2
DA:11,2
DA:12,2
DA:14,2
DA:16,2
DA:21,2
DA:23,2
DA:24,2
DA:29,2
LF:11
LH:11
BRF:0
BRH:0
end_of_record
TN:
SF:server/db/connection.js
FNF:0
FNH:0
DA:1,4
DA:2,4
DA:3,4
DA:4,4
DA:6,4
LF:5
LH:5
BRDA:3,0,0,4
BRDA:3,0,1,0
BRF:2
BRH:1
end_of_record
TN:
SF:server/db/db.js
FN:21,addNewUser
FN:32,getAllUsers
FN:38,getUser
FN:45,getUserByEmail
FN:53,getUsersByPoints
FN:60,deleteUser
FN:67,getAllCategories
FN:73,getAllActions
FN:79,getActionsByCategory
FN:86,getUserActionByUser
FN:94,addNewUserActions
FN:95,(anonymous_11)
FN:104,updateUserAction
FN:112,updateUserPoints
FNF:14
FNH:12
FNDA:1,addNewUser
FNDA:3,getAllUsers
FNDA:1,getUser
FNDA:1,getUserByEmail
FNDA:0,getUsersByPoints
FNDA:1,deleteUser
FNDA:1,getAllCategories
FNDA:1,getAllActions
FNDA:1,getActionsByCategory
FNDA:1,getUserActionByUser
FNDA:1,addNewUserActions
FNDA:2,(anonymous_11)
FNDA:0,updateUserAction
FNDA:1,updateUserPoints
DA:1,4
DA:2,4
DA:4,4
DA:22,1
DA:23,1
DA:24,1
DA:25,1
DA:27,1
DA:33,3
DA:39,1
DA:46,1
DA:54,0
DA:61,1
DA:68,1
DA:74,1
DA:80,1
DA:87,1
DA:95,1
DA:96,2
DA:99,1
DA:105,0
DA:113,1
LF:22
LH:20
BRDA:21,0,0,0
BRDA:32,1,0,0
BRDA:38,2,0,0
BRDA:45,3,0,0
BRDA:53,4,0,0
BRDA:60,5,0,0
BRDA:67,6,0,0
BRDA:73,7,0,0
BRDA:79,8,0,0
BRDA:86,9,0,0
BRDA:94,10,0,0
BRDA:104,11,0,0
BRDA:112,12,0,0
BRF:13
BRH:0
end_of_record
TN:
SF:server/db/knexfile.js
FNF:0
FNH:0
DA:1,4
DA:3,4
LF:2
LH:2
BRF:0
BRH:0
end_of_record
TN:
SF:server/db/migrations/20210923110646_users.js
FN:1,(anonymous_0)
FN:2,(anonymous_1)
FN:12,(anonymous_2)
FNF:3
FNH:2
FNDA:1,(anonymous_0)
FNDA:1,(anonymous_1)
FNDA:0,(anonymous_2)
DA:1,1
DA:2,1
DA:3,1
DA:4,1
DA:5,1
DA:6,1
DA:7,1
DA:8,1
DA:12,1
DA:13,0
LF:10
LH:9
BRF:0
BRH:0
end_of_record
TN:
SF:server/db/migrations/20210923110705_action.js
FN:1,(anonymous_0)
FN:2,(anonymous_1)
FN:11,(anonymous_2)
FNF:3
FNH:2
FNDA:1,(anonymous_0)
FNDA:1,(anonymous_1)
FNDA:0,(anonymous_2)
DA:1,1
DA:2,1
DA:3,1
DA:4,1
DA:5,1
DA:6,1
DA:7,1
DA:11,1
DA:12,0
LF:9
LH:8
BRF:0
BRH:0
end_of_record
TN:
SF:server/db/migrations/20210923110721_category.js
FN:1,(anonymous_0)
FN:2,(anonymous_1)
FN:8,(anonymous_2)
FNF:3
FNH:2
FNDA:1,(anonymous_0)
FNDA:1,(anonymous_1)
FNDA:0,(anonymous_2)
DA:1,1
DA:2,1
DA:3,1
DA:4,1
DA:8,1
DA:9,0
LF:6
LH:5
BRF:0
BRH:0
end_of_record
TN:
SF:server/db/migrations/20210923110732_user_action.js
FN:1,(anonymous_0)
FN:2,(anonymous_1)
FN:12,(anonymous_2)
FNF:3
FNH:2
FNDA:1,(anonymous_0)
FNDA:1,(anonymous_1)
FNDA:0,(anonymous_2)
DA:1,1
DA:2,1
DA:3,1
DA:4,1
DA:5,1
DA:6,1
DA:7,1
DA:8,1
DA:12,1
DA:13,0
LF:10
LH:9
BRF:0
BRH:0
end_of_record
TN:
SF:server/db/migrations/20210924113905_add-email-column.js
FN:1,(anonymous_0)
FN:2,(anonymous_1)
FN:7,(anonymous_2)
FN:8,(anonymous_3)
FNF:4
FNH:2
FNDA:1,(anonymous_0)
FNDA:1,(anonymous_1)
FNDA:0,(anonymous_2)
FNDA:0,(anonymous_3)
DA:1,1
DA:2,1
DA:3,1
DA:7,1
DA:8,0
DA:9,0
LF:6
LH:4
BRF:0
BRH:0
end_of_record
TN:
SF:server/db/migrations/20210928152711_add-category-info-columns.js
FN:1,(anonymous_0)
FN:2,(anonymous_1)
FN:8,(anonymous_2)
FN:9,(anonymous_3)
FNF:4
FNH:2
FNDA:1,(anonymous_0)
FNDA:1,(anonymous_1)
FNDA:0,(anonymous_2)
FNDA:0,(anonymous_3)
DA:1,1
DA:2,1
DA:3,1
DA:4,1
DA:8,1
DA:9,0
DA:10,0
DA:11,0
LF:8
LH:5
BRF:0
BRH:0
end_of_record
TN:
SF:server/db/seeds/action.js
FN:1,(anonymous_0)
FN:4,(anonymous_1)
FNF:2
FNH:2
FNDA:11,(anonymous_0)
FNDA:11,(anonymous_1)
DA:1,1
DA:3,11
DA:6,11
LF:3
LH:3
BRF:0
BRH:0
end_of_record
TN:
SF:server/db/seeds/category.js
FN:1,(anonymous_0)
FN:4,(anonymous_1)
FNF:2
FNH:2
FNDA:11,(anonymous_0)
FNDA:11,(anonymous_1)
DA:1,1
DA:3,11
DA:6,11
LF:3
LH:3
BRF:0
BRH:0
end_of_record
TN:
SF:server/db/seeds/user.js
FN:1,(anonymous_0)
FN:4,(anonymous_1)
FNF:2
FNH:2
FNDA:11,(anonymous_0)
FNDA:11,(anonymous_1)
DA:1,1
DA:3,11
DA:6,11
LF:3
LH:3
BRF:0
BRH:0
end_of_record
TN:
SF:server/db/seeds/user_action.js
FN:1,(anonymous_0)
FN:4,(anonymous_1)
FNF:2
FNH:2
FNDA:11,(anonymous_0)
FNDA:11,(anonymous_1)
DA:1,1
DA:3,11
DA:6,11
LF:3
LH:3
BRF:0
BRH:0
end_of_record
TN:
SF:server/routes/categories.js
FN:5,(anonymous_0)
FN:7,(anonymous_1)
FN:11,(anonymous_2)
FN:16,(anonymous_3)
FN:22,(anonymous_4)
FN:27,(anonymous_5)
FNF:6
FNH:6
FNDA:2,(anonymous_0)
FNDA:1,(anonymous_1)
FNDA:1,(anonymous_2)
FNDA:4,(anonymous_3)
FNDA:2,(anonymous_4)
FNDA:1,(anonymous_5)
DA:1,3
DA:2,3
DA:3,3
DA:5,3
DA:6,2
DA:8,1
DA:9,1
DA:12,1
DA:16,3
DA:17,4
DA:19,4
DA:21,3
DA:23,2
DA:24,1
DA:25,1
DA:28,1
DA:32,3
LF:17
LH:17
BRDA:19,0,0,1
BRDA:19,0,1,3
BRDA:23,1,0,1
BRDA:23,1,1,1
BRF:4
BRH:4
end_of_record
TN:
SF:server/routes/leaderboard.js
FN:5,(anonymous_0)
FN:7,(anonymous_1)
FN:11,(anonymous_2)
FNF:3
FNH:3
FNDA:2,(anonymous_0)
FNDA:1,(anonymous_1)
FNDA:1,(anonymous_2)
DA:1,3
DA:2,3
DA:3,3
DA:5,3
DA:6,2
DA:8,1
DA:9,1
DA:12,1
DA:16,3
LF:9
LH:9
BRF:0
BRH:0
end_of_record
TN:
SF:server/routes/users.js
FN:5,(anonymous_0)
FN:7,(anonymous_1)
FN:11,(anonymous_2)
FN:16,(anonymous_3)
FN:20,(anonymous_4)
FN:24,(anonymous_5)
FN:29,(anonymous_6)
FN:33,(anonymous_7)
FN:37,(anonymous_8)
FN:42,(anonymous_9)
FN:45,(anonymous_10)
FN:49,(anonymous_11)
FN:54,(anonymous_12)
FN:58,(anonymous_13)
FN:62,(anonymous_14)
FN:67,(anonymous_15)
FN:81,(anonymous_16)
FN:86,(anonymous_17)
FN:90,(anonymous_18)
FN:95,(anonymous_19)
FN:109,(anonymous_20)
FNF:21
FNH:21
FNDA:2,(anonymous_0)
FNDA:1,(anonymous_1)
FNDA:1,(anonymous_2)
FNDA:3,(anonymous_3)
FNDA:2,(anonymous_4)
FNDA:1,(anonymous_5)
FNDA:3,(anonymous_6)
FNDA:2,(anonymous_7)
FNDA:1,(anonymous_8)
FNDA:2,(anonymous_9)
FNDA:1,(anonymous_10)
FNDA:1,(anonymous_11)
FNDA:2,(anonymous_12)
FNDA:1,(anonymous_13)
FNDA:1,(anonymous_14)
FNDA:3,(anonymous_15)
FNDA:2,(anonymous_16)
FNDA:1,(anonymous_17)
FNDA:1,(anonymous_18)
FNDA:3,(anonymous_19)
FNDA:3,(anonymous_20)
DA:1,3
DA:2,3
DA:3,3
DA:5,3
DA:6,2
DA:8,1
DA:9,1
DA:12,1
DA:16,3
DA:17,3
DA:19,3
DA:21,2
DA:22,1
DA:25,1
DA:29,3
DA:30,3
DA:32,3
DA:34,2
DA:35,1
DA:38,1
DA:42,3
DA:43,2
DA:44,2
DA:46,1
DA:47,1
DA:50,1
DA:54,3
DA:55,2
DA:57,2
DA:59,1
DA:60,1
DA:63,1
DA:67,3
DA:68,3
DA:70,3
DA:71,3
DA:72,3
DA:74,2
DA:75,1
DA:77,1
DA:81,3
DA:82,2
DA:83,2
DA:85,2
DA:87,1
DA:88,1
DA:91,1
DA:95,3
DA:96,3
DA:97,3
DA:98,3
DA:99,3
DA:100,3
DA:102,2
DA:103,1
DA:105,1
DA:109,3
DA:110,3
DA:111,3
DA:112,3
DA:113,3
DA:114,3
DA:116,2
DA:117,1
DA:119,1
DA:123,3
LF:66
LH:66
BRDA:21,0,0,1
BRDA:21,0,1,1
BRDA:34,1,0,1
BRDA:34,1,1,1
BRDA:72,2,0,1
BRDA:72,2,1,2
BRDA:100,3,0,1
BRDA:100,3,1,2
BRDA:114,4,0,1
BRDA:114,4,1,2
BRF:10
BRH:10
end_of_record
